<?xml version="1.0" encoding="UTF-8"?>
<!-- Generated by org.testng.reporters.JUnitXMLReporter -->
<testsuite ignored="4" hostname="LAPTOP-PN4GH1FS" failures="0" tests="1" name="Default test" time="34.454" errors="0" timestamp="2021-05-18T12:13:51 IST">
  <testcase classname="com.tb.test.TestScenarios" name="Test5" time="0.023"/>
  <testcase classname="com.tb.test.TestScenarios" name="Test4" time="0.0">
    <ignored/>
  </testcase> <!-- Test4 -->
  <testcase classname="com.tb.test.TestScenarios" name="Test3" time="0.0">
    <ignored/>
  </testcase> <!-- Test3 -->
  <testcase classname="com.tb.test.TestScenarios" name="Test2" time="0.0">
    <ignored/>
  </testcase> <!-- Test2 -->
  <testcase classname="com.tb.test.TestScenarios" name="Test1" time="0.0">
    <ignored/>
  </testcase> <!-- Test1 -->
</testsuite> <!-- Default test -->
