<?xml version="1.0" encoding="UTF-8"?>
<!-- Generated by org.testng.reporters.JUnitXMLReporter -->
<testsuite ignored="5" hostname="LAPTOP-PN4GH1FS" failures="0" tests="1" name="Default test" time="67.998" errors="0" timestamp="2021-05-18T16:43:54 IST">
  <testcase classname="com.tb.test.TestScenarios" name="Test6" time="0.601"/>
  <testcase classname="com.tb.test.TestScenarios" name="Test5" time="0.0">
    <ignored/>
  </testcase> <!-- Test5 -->
  <testcase classname="com.tb.test.TestScenarios" name="Test4" time="0.0">
    <ignored/>
  </testcase> <!-- Test4 -->
  <testcase classname="com.tb.test.TestScenarios" name="Test3" time="0.0">
    <ignored/>
  </testcase> <!-- Test3 -->
  <testcase classname="com.tb.test.TestScenarios" name="Test2" time="0.0">
    <ignored/>
  </testcase> <!-- Test2 -->
  <testcase classname="com.tb.test.TestScenarios" name="Test1" time="0.0">
    <ignored/>
  </testcase> <!-- Test1 -->
</testsuite> <!-- Default test -->
