<?xml version="1.0" encoding="UTF-8"?>
<testng-results ignored="0" total="1" passed="1" failed="0" skipped="0">
  <reporter-output>
  </reporter-output>
  <suite started-at="2021-06-25T11:52:04 IST" name="Default suite" finished-at="2021-06-25T11:52:55 IST" duration-ms="50927">
    <groups>
    </groups>
    <test started-at="2021-06-25T11:52:04 IST" name="Default test" finished-at="2021-06-25T11:52:55 IST" duration-ms="50927">
      <class name="com.tb.test.TestScenario">
        <test-method is-config="true" signature="setUpStep()[pri:0, instance:com.tb.test.TestScenario@4562e04d]" started-at="2021-06-25T11:52:04 IST" name="setUpStep" finished-at="2021-06-25T11:52:39 IST" duration-ms="34618" status="PASS">
          <reporter-output>
          </reporter-output>
        </test-method> <!-- setUpStep -->
        <test-method signature="Test1()[pri:1, instance:com.tb.test.TestScenario@4562e04d]" started-at="2021-06-25T11:52:39 IST" name="Test1" finished-at="2021-06-25T11:52:47 IST" duration-ms="7943" status="PASS">
          <reporter-output>
          </reporter-output>
        </test-method> <!-- Test1 -->
        <test-method is-config="true" signature="CloseDriver()[pri:0, instance:com.tb.test.TestScenario@4562e04d]" started-at="2021-06-25T11:52:47 IST" name="CloseDriver" finished-at="2021-06-25T11:52:55 IST" duration-ms="8157" status="PASS">
          <reporter-output>
          </reporter-output>
        </test-method> <!-- CloseDriver -->
      </class> <!-- com.tb.test.TestScenario -->
    </test> <!-- Default test -->
  </suite> <!-- Default suite -->
</testng-results>
