<?xml version="1.0" encoding="UTF-8"?>
<testng-results ignored="4" total="5" passed="1" failed="0" skipped="0">
  <reporter-output>
  </reporter-output>
  <suite started-at="2021-05-18T12:13:16 IST" name="Default suite" finished-at="2021-05-18T12:13:51 IST" duration-ms="34454">
    <groups>
    </groups>
    <test started-at="2021-05-18T12:13:16 IST" name="Default test" finished-at="2021-05-18T12:13:51 IST" duration-ms="34454">
      <class name="com.tb.test.TestScenarios">
        <test-method is-config="true" signature="setUpStep()[pri:0, instance:com.tb.test.TestScenarios@31304f14]" started-at="2021-05-18T12:13:16 IST" name="setUpStep" finished-at="2021-05-18T12:13:44 IST" duration-ms="27978" status="PASS">
          <reporter-output>
          </reporter-output>
        </test-method> <!-- setUpStep -->
        <test-method signature="Test5()[pri:1, instance:com.tb.test.TestScenarios@31304f14]" started-at="2021-05-18T12:13:45 IST" name="Test5" finished-at="2021-05-18T12:13:45 IST" duration-ms="23" status="PASS">
          <reporter-output>
          </reporter-output>
        </test-method> <!-- Test5 -->
        <test-method is-config="true" signature="CloseDriver()[pri:0, instance:com.tb.test.TestScenarios@31304f14]" started-at="2021-05-18T12:13:45 IST" name="CloseDriver" finished-at="2021-05-18T12:13:51 IST" duration-ms="6034" status="PASS">
          <reporter-output>
          </reporter-output>
        </test-method> <!-- CloseDriver -->
      </class> <!-- com.tb.test.TestScenarios -->
    </test> <!-- Default test -->
  </suite> <!-- Default suite -->
</testng-results>
